Цветы c номерами: [] увядают на 1-м дне.
Свежих цветов: 40, нуждаются в поливе : 0.
Садовник Petr поливает цветок c номером 1 на 1-м дне.
Садовник Petr поливает цветок c номером 2 на 1-м дне.
Садовник Petr поливает цветок c номером 5 на 1-м дне.
Садовник Petr поливает цветок c номером 8 на 1-м дне.
Садовник Petr поливает цветок c номером 9 на 1-м дне.
Садовник Vasilii поливает цветок c номером 1 на 1-м дне.
Садовник Vasilii поливает цветок c номером 11 на 1-м дне.
Садовник Vasilii поливает цветок c номером 14 на 1-м дне.
Садовник Vasilii поливает цветок c номером 15 на 1-м дне.
Цветы c номерами: [17 18 19 21 22 24 26 28 29 30 31 32 33 35 36 37 ] увядают на 2-м дне.
Свежих цветов: 24, нуждаются в поливе : 16.
Садовник Petr поливает цветок c номером 1 на 2-м дне.
Садовник Petr поливает цветок c номером 3 на 2-м дне.
Садовник Petr поливает цветок c номером 4 на 2-м дне.
Садовник Petr поливает цветок c номером 10 на 2-м дне.
Садовник Petr поливает цветок c номером 11 на 2-м дне.
Садовник Vasilii поливает цветок c номером 13 на 2-м дне.
Садовник Vasilii поливает цветок c номером 15 на 2-м дне.
Садовник Vasilii поливает цветок c номером 17 на 2-м дне.
Садовник Vasilii поливает цветок c номером 18 на 2-м дне.
Цветы c номерами: [19 21 22 24 25 26 28 29 30 31 32 33 35 36 37 38 39 ] увядают на 3-м дне.
Свежих цветов: 23, нуждаются в поливе : 17.
Садовник Petr поливает цветок c номером 0 на 3-м дне.
Садовник Petr поливает цветок c номером 2 на 3-м дне.
Садовник Petr поливает цветок c номером 3 на 3-м дне.
Садовник Petr поливает цветок c номером 4 на 3-м дне.
Садовник Petr поливает цветок c номером 9 на 3-м дне.
Садовник Vasilii поливает цветок c номером 13 на 3-м дне.
Садовник Vasilii поливает цветок c номером 15 на 3-м дне.
Садовник Vasilii поливает цветок c номером 18 на 3-м дне.
Садовник Vasilii поливает цветок c номером 19 на 3-м дне.
Цветы c номерами: [21 22 24 25 26 28 29 30 31 32 33 35 36 37 38 39 ] увядают на 4-м дне.
Свежих цветов: 24, нуждаются в поливе : 16.
Садовник Petr поливает цветок c номером 17 на 4-м дне.
Садовник Petr поливает цветок c номером 18 на 4-м дне.
Садовник Petr поливает цветок c номером 19 на 4-м дне.
Садовник Petr поливает цветок c номером 20 на 4-м дне.
Садовник Petr поливает цветок c номером 21 на 4-м дне.
Садовник Vasilii поливает цветок c номером 0 на 4-м дне.
Садовник Vasilii поливает цветок c номером 1 на 4-м дне.
Садовник Vasilii поливает цветок c номером 2 на 4-м дне.
Садовник Vasilii поливает цветок c номером 3 на 4-м дне.
Цветы c номерами: [4 5 6 7 8 9 10 11 12 14 16 22 24 25 26 28 29 30 31 32 33 34 35 36 37 38 39 ] увядают на 5-м дне.
Садовник Petr поливает цветок c номером 4 на 5-м дне.
Свежих цветов: 13, нуждаются в поливе : 27.
Садовник Petr поливает цветок c номером 5 на 5-м дне.
Садовник Petr поливает цветок c номером 6 на 5-м дне.
Садовник Petr поливает цветок c номером 7 на 5-м дне.
Садовник Petr поливает цветок c номером 8 на 5-м дне.
Садовник Vasilii поливает цветок c номером 0 на 5-м дне.
Садовник Vasilii поливает цветок c номером 1 на 5-м дне.
Садовник Vasilii поливает цветок c номером 9 на 5-м дне.
Садовник Vasilii поливает цветок c номером 10 на 5-м дне.
Цветы c номерами: [11 12 13 14 15 16 20 22 24 25 26 27 28 29 30 31 32 33 34 35 36 37 38 39 ] увядают на 6-м дне.
Садовник Petr поливает цветок c номером 11 на 6-м дне.
Свежих цветов: 16, нуждаются в поливе : 24.
Садовник Petr поливает цветок c номером 12 на 6-м дне.
Садовник Petr поливает цветок c номером 13 на 6-м дне.
Садовник Petr поливает цветок c номером 14 на 6-м дне.
Садовник Petr поливает цветок c номером 15 на 6-м дне.
Садовник Vasilii поливает цветок c номером 2 на 6-м дне.
Садовник Vasilii поливает цветок c номером 5 на 6-м дне.
Садовник Vasilii поливает цветок c номером 6 на 6-м дне.
Садовник Vasilii поливает цветок c номером 9 на 6-м дне.
Цветы c номерами: [10 11 16 17 18 20 22 23 24 25 26 27 28 29 30 31 32 33 34 35 36 37 38 39 ] увядают на 7-м дне.
Свежих цветов: 16, нуждаются в поливе : 24.
Садовник Petr поливает цветок c номером 4 на 7-м дне.
Садовник Petr поливает цветок c номером 5 на 7-м дне.
Садовник Petr поливает цветок c номером 7 на 7-м дне.
Садовник Petr поливает цветок c номером 9 на 7-м дне.
Садовник Petr поливает цветок c номером 10 на 7-м дне.
Садовник Vasilii поливает цветок c номером 11 на 7-м дне.
Садовник Vasilii поливает цветок c номером 12 на 7-м дне.
Садовник Vasilii поливает цветок c номером 13 на 7-м дне.
Садовник Vasilii поливает цветок c номером 15 на 7-м дне.
Цветы c номерами: [16 17 18 20 21 22 23 24 25 26 27 28 29 30 31 32 33 34 35 36 37 38 39 ] увядают на 8-м дне.
Садовник Petr поливает цветок c номером 16 на 8-м дне.
Свежих цветов: 17, нуждаются в поливе : 23.
Садовник Petr поливает цветок c номером 17 на 8-м дне.
Садовник Petr поливает цветок c номером 18 на 8-м дне.
Садовник Petr поливает цветок c номером 20 на 8-м дне.
Садовник Petr поливает цветок c номером 21 на 8-м дне.
Садовник Vasilii поливает цветок c номером 1 на 8-м дне.
Садовник Vasilii поливает цветок c номером 2 на 8-м дне.
Садовник Vasilii поливает цветок c номером 4 на 8-м дне.
Садовник Vasilii поливает цветок c номером 7 на 8-м дне.
Садовник Petr поливает цветок c номером 12 на 9-м дне.
Садовник Petr поливает цветок c номером 13 на 9-м дне.
Садовник Petr поливает цветок c номером 14 на 9-м дне.
Цветы c номерами: [12 13 14 16 22 23 24 25 26 27 28 29 30 31 32 33 34 35 36 37 38 39 ] увядают на 9-м дне.
Садовник Petr поливает цветок c номером 16 на 9-м дне.
Свежих цветов: 18, нуждаются в поливе : 22.
Садовник Petr поливает цветок c номером 22 на 9-м дне.
Садовник Vasilii поливает цветок c номером 0 на 9-м дне.
Садовник Vasilii поливает цветок c номером 1 на 9-м дне.
Садовник Vasilii поливает цветок c номером 3 на 9-м дне.
Садовник Vasilii поливает цветок c номером 4 на 9-м дне.
Цветы c номерами: [5 6 7 8 9 12 13 15 18 19 20 23 24 25 26 27 28 29 30 31 32 33 34 35 36 37 38 39 ] увядают на 10-м дне.
Свежих цветов: 12, нуждаются в поливе : 28.
Садовник Vasilii поливает цветок c номером 5 на 10-м дне.
Садовник Vasilii поливает цветок c номером 6 на 10-м дне.
Садовник Vasilii поливает цветок c номером 7 на 10-м дне.
Садовник Petr поливает цветок c номером 5 на 10-м дне.
Садовник Vasilii поливает цветок c номером 8 на 10-м дне.
Садовник Petr поливает цветок c номером 8 на 10-м дне.
Садовник Petr поливает цветок c номером 9 на 10-м дне.
Садовник Petr поливает цветок c номером 12 на 10-м дне.
Садовник Petr поливает цветок c номером 13 на 10-м дне.
Цветы c номерами: [15 16 18 19 20 21 22 23 24 25 26 27 28 29 30 31 32 33 34 35 36 37 38 39 ] увядают на 11-м дне.
Свежих цветов: 16, нуждаются в поливе : 24.
Садовник Petr поливает цветок c номером 1 на 11-м дне.
Садовник Petr поливает цветок c номером 2 на 11-м дне.
Садовник Petr поливает цветок c номером 3 на 11-м дне.
Садовник Petr поливает цветок c номером 6 на 11-м дне.
Садовник Petr поливает цветок c номером 7 на 11-м дне.
Садовник Vasilii поливает цветок c номером 8 на 11-м дне.
Садовник Vasilii поливает цветок c номером 9 на 11-м дне.
Садовник Vasilii поливает цветок c номером 10 на 11-м дне.
Садовник Vasilii поливает цветок c номером 11 на 11-м дне.
Цветы c номерами: [15 16 18 19 20 21 22 23 24 25 26 27 28 29 30 31 32 33 34 35 36 37 38 39 ] увядают на 12-м дне.
Свежих цветов: 16, нуждаются в поливе : 24.
Садовник Petr поливает цветок c номером 0 на 12-м дне.
Садовник Petr поливает цветок c номером 2 на 12-м дне.
Садовник Petr поливает цветок c номером 4 на 12-м дне.
Садовник Petr поливает цветок c номером 7 на 12-м дне.
Садовник Petr поливает цветок c номером 8 на 12-м дне.
Садовник Vasilii поливает цветок c номером 9 на 12-м дне.
Садовник Vasilii поливает цветок c номером 15 на 12-м дне.
Садовник Vasilii поливает цветок c номером 16 на 12-м дне.
Садовник Vasilii поливает цветок c номером 18 на 12-м дне.
Цветы c номерами: [19 20 21 22 23 24 25 26 27 28 29 30 31 32 33 34 35 36 37 38 39 ] увядают на 13-м дне.
Свежих цветов: 19, нуждаются в поливе : 21.
Садовник Petr поливает цветок c номером 0 на 13-м дне.
Садовник Petr поливает цветок c номером 4 на 13-м дне.
Садовник Petr поливает цветок c номером 11 на 13-м дне.
Садовник Petr поливает цветок c номером 12 на 13-м дне.
Садовник Petr поливает цветок c номером 13 на 13-м дне.
Садовник Vasilii поливает цветок c номером 15 на 13-м дне.
Садовник Vasilii поливает цветок c номером 16 на 13-м дне.
Садовник Vasilii поливает цветок c номером 17 на 13-м дне.
Садовник Vasilii поливает цветок c номером 18 на 13-м дне.
Цветы c номерами: [19 20 21 22 23 24 25 26 27 28 29 30 31 32 33 34 35 36 37 38 39 ] увядают на 14-м дне.
Свежих цветов: 19, нуждаются в поливе : 21.
Садовник Petr поливает цветок c номером 0 на 14-м дне.
Садовник Petr поливает цветок c номером 3 на 14-м дне.
Садовник Petr поливает цветок c номером 4 на 14-м дне.
Садовник Petr поливает цветок c номером 6 на 14-м дне.
Садовник Petr поливает цветок c номером 8 на 14-м дне.
Садовник Vasilii поливает цветок c номером 10 на 14-м дне.
Садовник Vasilii поливает цветок c номером 14 на 14-м дне.
Садовник Vasilii поливает цветок c номером 15 на 14-м дне.
Садовник Vasilii поливает цветок c номером 16 на 14-м дне.
Цветы c номерами: [19 20 21 22 23 24 25 26 27 28 29 30 31 32 33 34 35 36 37 38 39 ] увядают на 15-м дне.
Свежих цветов: 19, нуждаются в поливе : 21.
Садовник Petr поливает цветок c номером 2 на 15-м дне.
Садовник Petr поливает цветок c номером 3 на 15-м дне.
Садовник Petr поливает цветок c номером 6 на 15-м дне.
Садовник Petr поливает цветок c номером 9 на 15-м дне.
Садовник Petr поливает цветок c номером 13 на 15-м дне.
Садовник Vasilii поливает цветок c номером 14 на 15-м дне.
Садовник Vasilii поливает цветок c номером 16 на 15-м дне.
Садовник Vasilii поливает цветок c номером 19 на 15-м дне.
Садовник Vasilii поливает цветок c номером 20 на 15-м дне.
Цветы c номерами: [21 22 23 24 25 26 27 28 29 30 31 32 33 34 35 36 37 38 39 ] увядают на 16-м дне.
Свежих цветов: 21, нуждаются в поливе : 19.
Садовник Petr поливает цветок c номером 1 на 16-м дне.
Садовник Petr поливает цветок c номером 5 на 16-м дне.
Садовник Petr поливает цветок c номером 7 на 16-м дне.
Садовник Petr поливает цветок c номером 11 на 16-м дне.
Садовник Petr поливает цветок c номером 12 на 16-м дне.
Садовник Vasilii поливает цветок c номером 13 на 16-м дне.
Садовник Vasilii поливает цветок c номером 15 на 16-м дне.
Садовник Vasilii поливает цветок c номером 16 на 16-м дне.
Садовник Vasilii поливает цветок c номером 17 на 16-м дне.
Цветы c номерами: [18 21 22 23 24 25 26 27 28 29 30 31 32 33 34 35 36 37 38 39 ] увядают на 17-м дне.
Свежих цветов: 20, нуждаются в поливе : 20.
Садовник Petr поливает цветок c номером 1 на 17-м дне.
Садовник Petr поливает цветок c номером 3 на 17-м дне.
Садовник Petr поливает цветок c номером 4 на 17-м дне.
Садовник Petr поливает цветок c номером 10 на 17-м дне.
Садовник Petr поливает цветок c номером 12 на 17-м дне.
Садовник Vasilii поливает цветок c номером 13 на 17-м дне.
Садовник Vasilii поливает цветок c номером 14 на 17-м дне.
Садовник Vasilii поливает цветок c номером 15 на 17-м дне.
Садовник Vasilii поливает цветок c номером 17 на 17-м дне.
Цветы c номерами: [18 20 21 22 23 24 25 26 27 28 29 30 31 32 33 34 35 36 37 38 39 ] увядают на 18-м дне.
Садовник Petr поливает цветок c номером 18 на 18-м дне.
Свежих цветов: 19, нуждаются в поливе : 21.
Садовник Petr поливает цветок c номером 20 на 18-м дне.
Садовник Petr поливает цветок c номером 21 на 18-м дне.
Садовник Petr поливает цветок c номером 22 на 18-м дне.
Садовник Petr поливает цветок c номером 23 на 18-м дне.
Садовник Vasilii поливает цветок c номером 0 на 18-м дне.
Садовник Vasilii поливает цветок c номером 1 на 18-м дне.
Садовник Vasilii поливает цветок c номером 2 на 18-м дне.
Садовник Vasilii поливает цветок c номером 3 на 18-м дне.
Садовник Petr поливает цветок c номером 5 на 19-м дне.
Садовник Petr поливает цветок c номером 6 на 19-м дне.
Садовник Petr поливает цветок c номером 8 на 19-м дне.
Садовник Petr поливает цветок c номером 10 на 19-м дне.
Садовник Petr поливает цветок c номером 15 на 19-м дне.
Цветы c номерами: [19 20 24 25 26 27 28 29 30 31 32 33 34 35 36 37 38 39 ] увядают на 19-м дне.
Свежих цветов: 22, нуждаются в поливе : 18.
Садовник Vasilii поливает цветок c номером 2 на 19-м дне.
Садовник Vasilii поливает цветок c номером 5 на 19-м дне.
Садовник Vasilii поливает цветок c номером 6 на 19-м дне.
Садовник Vasilii поливает цветок c номером 7 на 19-м дне.
Садовник Petr поливает цветок c номером 8 на 20-м дне.
Садовник Petr поливает цветок c номером 9 на 20-м дне.
Садовник Petr поливает цветок c номером 10 на 20-м дне.
Садовник Petr поливает цветок c номером 11 на 20-м дне.
Садовник Petr поливает цветок c номером 12 на 20-м дне.
Цветы c номерами: [13 15 17 19 20 21 22 23 24 25 26 27 28 29 30 31 32 33 34 35 36 37 38 39 ] увядают на 20-м дне.
Свежих цветов: 16, нуждаются в поливе : 24.
Садовник Vasilii поливает цветок c номером 0 на 20-м дне.
Садовник Vasilii поливает цветок c номером 1 на 20-м дне.
Садовник Vasilii поливает цветок c номером 2 на 20-м дне.
Садовник Vasilii поливает цветок c номером 3 на 20-м дне.
Садовник Petr поливает цветок c номером 9 на 21-м дне.
Садовник Petr поливает цветок c номером 10 на 21-м дне.
Садовник Petr поливает цветок c номером 12 на 21-м дне.
Садовник Petr поливает цветок c номером 13 на 21-м дне.
Садовник Petr поливает цветок c номером 15 на 21-м дне.
Цветы c номерами: [17 18 19 20 21 22 23 24 25 26 27 28 29 30 31 32 33 34 35 36 37 38 39 ] увядают на 21-м дне.
Свежих цветов: 17, нуждаются в поливе : 23.
Садовник Vasilii поливает цветок c номером 17 на 21-м дне.
Садовник Vasilii поливает цветок c номером 18 на 21-м дне.
Садовник Vasilii поливает цветок c номером 19 на 21-м дне.
Садовник Vasilii поливает цветок c номером 20 на 21-м дне.
Садовник Petr поливает цветок c номером 6 на 22-м дне.
Садовник Petr поливает цветок c номером 7 на 22-м дне.
Садовник Petr поливает цветок c номером 8 на 22-м дне.
Садовник Petr поливает цветок c номером 10 на 22-м дне.
Садовник Petr поливает цветок c номером 21 на 22-м дне.
Цветы c номерами: [22 23 24 25 26 27 28 29 30 31 32 33 34 35 36 37 38 39 ] увядают на 22-м дне.
Свежих цветов: 22, нуждаются в поливе : 18.
Садовник Vasilii поливает цветок c номером 22 на 22-м дне.
Садовник Vasilii поливает цветок c номером 23 на 22-м дне.
Садовник Vasilii поливает цветок c номером 24 на 22-м дне.
Садовник Vasilii поливает цветок c номером 25 на 22-м дне.
Садовник Petr поливает цветок c номером 2 на 23-м дне.
Садовник Petr поливает цветок c номером 3 на 23-м дне.
Садовник Petr поливает цветок c номером 4 на 23-м дне.
Садовник Petr поливает цветок c номером 9 на 23-м дне.
Садовник Petr поливает цветок c номером 11 на 23-м дне.
Цветы c номерами: [11 12 14 16 19 26 27 28 29 30 31 32 33 34 35 36 37 38 39 ] увядают на 23-м дне.
Садовник Vasilii поливает цветок c номером 12 на 23-м дне.
Свежих цветов: 21, нуждаются в поливе : 19.
Садовник Vasilii поливает цветок c номером 14 на 23-м дне.
Садовник Vasilii поливает цветок c номером 16 на 23-м дне.
Садовник Vasilii поливает цветок c номером 17 на 23-м дне.
Садовник Petr поливает цветок c номером 0 на 24-м дне.
Садовник Petr поливает цветок c номером 1 на 24-м дне.
Садовник Petr поливает цветок c номером 2 на 24-м дне.
Садовник Petr поливает цветок c номером 4 на 24-м дне.
Садовник Petr поливает цветок c номером 6 на 24-м дне.
Цветы c номерами: [8 9 11 12 18 19 20 21 23 24 26 27 28 29 30 31 32 33 34 35 36 37 38 39 ] увядают на 24-м дне.
Свежих цветов: 16, нуждаются в поливе : 24.
Садовник Vasilii поливает цветок c номером 8 на 24-м дне.
Садовник Vasilii поливает цветок c номером 9 на 24-м дне.
Садовник Vasilii поливает цветок c номером 11 на 24-м дне.
Садовник Vasilii поливает цветок c номером 12 на 24-м дне.
Садовник Petr поливает цветок c номером 0 на 25-м дне.
Садовник Petr поливает цветок c номером 1 на 25-м дне.
Садовник Petr поливает цветок c номером 3 на 25-м дне.
Садовник Petr поливает цветок c номером 7 на 25-м дне.
Цветы c номерами: [7 13 14 15 16 18 19 20 21 23 24 26 27 28 29 30 31 32 33 34 35 36 37 38 39 ] увядают на 25-м дне.
Свежих цветов: 15, нуждаются в поливе : 25.
Садовник Vasilii поливает цветок c номером 13 на 25-м дне.
Садовник Vasilii поливает цветок c номером 14 на 25-м дне.
Садовник Vasilii поливает цветок c номером 15 на 25-м дне.
Садовник Vasilii поливает цветок c номером 16 на 25-м дне.
Садовник Petr поливает цветок c номером 17 на 25-м дне.
Садовник Petr поливает цветок c номером 2 на 26-м дне.
Цветы c номерами: [2 5 6 8 9 10 11 18 19 20 21 23 24 26 27 28 29 30 31 32 33 34 35 36 37 38 39 ] увядают на 26-м дне.
Свежих цветов: 13, нуждаются в поливе : 27.
Садовник Petr поливает цветок c номером 5 на 26-м дне.
Садовник Petr поливает цветок c номером 6 на 26-м дне.
Садовник Petr поливает цветок c номером 8 на 26-м дне.
Садовник Petr поливает цветок c номером 9 на 26-м дне.
Садовник Vasilii поливает цветок c номером 0 на 26-м дне.
Садовник Vasilii поливает цветок c номером 1 на 26-м дне.
Садовник Vasilii поливает цветок c номером 4 на 26-м дне.
Садовник Vasilii поливает цветок c номером 10 на 26-м дне.
Садовник Petr поливает цветок c номером 11 на 27-м дне.
Цветы c номерами: [11 12 15 16 18 19 20 21 22 23 24 26 27 28 29 30 31 32 33 34 35 36 37 38 39 ] увядают на 27-м дне.
Свежих цветов: 15, нуждаются в поливе : 25.
Садовник Vasilii поливает цветок c номером 12 на 27-м дне.
Садовник Vasilii поливает цветок c номером 15 на 27-м дне.
Садовник Vasilii поливает цветок c номером 16 на 27-м дне.
Садовник Vasilii поливает цветок c номером 18 на 27-м дне.
Садовник Petr поливает цветок c номером 19 на 27-м дне.
Садовник Petr поливает цветок c номером 20 на 27-м дне.
Садовник Petr поливает цветок c номером 21 на 27-м дне.
Садовник Petr поливает цветок c номером 22 на 27-м дне.
Садовник Vasilii поливает цветок c номером 0 на 28-м дне.
Цветы c номерами: [0 2 10 23 24 25 26 27 28 29 30 31 32 33 34 35 36 37 38 39 ] увядают на 28-м дне.
Свежих цветов: 20, нуждаются в поливе : 20.
Садовник Vasilii поливает цветок c номером 2 на 28-м дне.
Садовник Vasilii поливает цветок c номером 4 на 28-м дне.
Садовник Vasilii поливает цветок c номером 9 на 28-м дне.
Садовник Petr поливает цветок c номером 0 на 28-м дне.
Садовник Petr поливает цветок c номером 1 на 28-м дне.
Садовник Petr поливает цветок c номером 10 на 28-м дне.
Садовник Petr поливает цветок c номером 11 на 28-м дне.
Садовник Petr поливает цветок c номером 12 на 28-м дне.
Садовник Vasilii поливает цветок c номером 13 на 29-м дне.
Цветы c номерами: [13 15 20 21 23 24 25 26 27 28 29 30 31 32 33 34 35 36 37 38 39 ] увядают на 29-м дне.
Свежих цветов: 19, нуждаются в поливе : 21.
Садовник Vasilii поливает цветок c номером 15 на 29-м дне.
Садовник Vasilii поливает цветок c номером 17 на 29-м дне.
Садовник Vasilii поливает цветок c номером 20 на 29-м дне.
Садовник Petr поливает цветок c номером 1 на 29-м дне.
Садовник Petr поливает цветок c номером 2 на 29-м дне.
Садовник Petr поливает цветок c номером 4 на 29-м дне.
Садовник Petr поливает цветок c номером 6 на 29-м дне.
Садовник Petr поливает цветок c номером 8 на 29-м дне.
Садовник Vasilii поливает цветок c номером 11 на 30-м дне.
Цветы c номерами: [11 12 14 21 22 23 24 25 26 27 28 29 30 31 32 33 34 35 36 37 38 39 ] увядают на 30-м дне.
Свежих цветов: 18, нуждаются в поливе : 22.
Садовник Vasilii поливает цветок c номером 12 на 30-м дне.
Садовник Vasilii поливает цветок c номером 14 на 30-м дне.
Садовник Vasilii поливает цветок c номером 15 на 30-м дне.
Садовник Petr поливает цветок c номером 1 на 30-м дне.
Садовник Petr поливает цветок c номером 10 на 30-м дне.
Садовник Petr поливает цветок c номером 16 на 30-м дне.
Садовник Petr поливает цветок c номером 19 на 30-м дне.
Садовник Petr поливает цветок c номером 20 на 30-м дне.
Садовник Vasilii поливает цветок c номером 21 на 31-м дне.
Цветы c номерами: [21 22 23 24 25 26 27 28 29 30 31 32 33 34 35 36 37 38 39 ] увядают на 31-м дне.
Свежих цветов: 21, нуждаются в поливе : 19.
Садовник Vasilii поливает цветок c номером 22 на 31-м дне.
Садовник Vasilii поливает цветок c номером 23 на 31-м дне.
Садовник Vasilii поливает цветок c номером 24 на 31-м дне.
Садовник Petr поливает цветок c номером 2 на 31-м дне.
Садовник Petr поливает цветок c номером 3 на 31-м дне.
Садовник Petr поливает цветок c номером 6 на 31-м дне.
Садовник Petr поливает цветок c номером 7 на 31-м дне.
Садовник Petr поливает цветок c номером 8 на 31-м дне.
Садовник Vasilii поливает цветок c номером 10 на 32-м дне.
Цветы c номерами: [10 11 13 14 15 19 20 25 26 27 28 29 30 31 32 33 34 35 36 37 38 39 ] увядают на 32-м дне.
Садовник Vasilii поливает цветок c номером 11 на 32-м дне.
Свежих цветов: 18, нуждаются в поливе : 22.
Садовник Vasilii поливает цветок c номером 13 на 32-м дне.
Садовник Vasilii поливает цветок c номером 14 на 32-м дне.
Садовник Petr поливает цветок c номером 0 на 32-м дне.
Садовник Petr поливает цветок c номером 2 на 32-м дне.
Садовник Petr поливает цветок c номером 3 на 32-м дне.
Садовник Petr поливает цветок c номером 5 на 32-м дне.
Садовник Petr поливает цветок c номером 7 на 32-м дне.
Садовник Vasilii поливает цветок c номером 8 на 33-м дне.
Цветы c номерами: [8 11 15 17 19 20 22 23 25 26 27 28 29 30 31 32 33 34 35 36 37 38 39 ] увядают на 33-м дне.
Садовник Vasilii поливает цветок c номером 11 на 33-м дне.
Свежих цветов: 17, нуждаются в поливе : 23.
Садовник Vasilii поливает цветок c номером 15 на 33-м дне.
Садовник Vasilii поливает цветок c номером 17 на 33-м дне.
Садовник Petr поливает цветок c номером 0 на 33-м дне.
Садовник Petr поливает цветок c номером 3 на 33-м дне.
Садовник Petr поливает цветок c номером 4 на 33-м дне.
Садовник Petr поливает цветок c номером 9 на 33-м дне.
Садовник Petr поливает цветок c номером 10 на 33-м дне.
Садовник Vasilii поливает цветок c номером 11 на 34-м дне.
Цветы c номерами: [11 14 19 20 21 22 23 25 26 27 28 29 30 31 32 33 34 35 36 37 38 39 ] увядают на 34-м дне.
Садовник Vasilii поливает цветок c номером 14 на 34-м дне.
Свежих цветов: 18, нуждаются в поливе : 22.
Садовник Vasilii поливает цветок c номером 19 на 34-м дне.
Садовник Vasilii поливает цветок c номером 20 на 34-м дне.
Садовник Petr поливает цветок c номером 2 на 34-м дне.
Садовник Petr поливает цветок c номером 3 на 34-м дне.
Садовник Petr поливает цветок c номером 4 на 34-м дне.
Садовник Petr поливает цветок c номером 6 на 34-м дне.
Садовник Petr поливает цветок c номером 9 на 34-м дне.
Садовник Vasilii поливает цветок c номером 11 на 35-м дне.
Цветы c номерами: [11 12 14 18 21 22 23 24 25 26 27 28 29 30 31 32 33 34 35 36 37 38 39 ] увядают на 35-м дне.
Садовник Vasilii поливает цветок c номером 12 на 35-м дне.
Свежих цветов: 17, нуждаются в поливе : 23.
Садовник Vasilii поливает цветок c номером 14 на 35-м дне.
Садовник Vasilii поливает цветок c номером 15 на 35-м дне.
Садовник Petr поливает цветок c номером 0 на 35-м дне.
Садовник Petr поливает цветок c номером 1 на 35-м дне.
Садовник Petr поливает цветок c номером 3 на 35-м дне.
Садовник Petr поливает цветок c номером 4 на 35-м дне.
Садовник Petr поливает цветок c номером 5 на 35-м дне.
Садовник Vasilii поливает цветок c номером 10 на 36-м дне.
Цветы c номерами: [10 11 12 13 16 17 18 19 21 22 23 24 25 26 27 28 29 30 31 32 33 34 35 36 37 38 39 ] увядают на 36-м дне.
Садовник Vasilii поливает цветок c номером 11 на 36-м дне.
Свежих цветов: 13, нуждаются в поливе : 27.
Садовник Vasilii поливает цветок c номером 12 на 36-м дне.
Садовник Vasilii поливает цветок c номером 13 на 36-м дне.
Садовник Petr поливает цветок c номером 1 на 36-м дне.
Садовник Petr поливает цветок c номером 2 на 36-м дне.
Садовник Petr поливает цветок c номером 7 на 36-м дне.
Садовник Petr поливает цветок c номером 8 на 36-м дне.
Садовник Petr поливает цветок c номером 9 на 36-м дне.
Цветы c номерами: [10 16 17 18 19 20 21 22 23 24 25 26 27 28 29 30 31 32 33 34 35 36 37 38 39 ] увядают на 37-м дне.
Свежих цветов: 15, нуждаются в поливе : 25.
Садовник Vasilii поливает цветок c номером 2 на 37-м дне.
Садовник Petr поливает цветок c номером 2 на 37-м дне.
Садовник Vasilii поливает цветок c номером 3 на 37-м дне.
Садовник Petr поливает цветок c номером 3 на 37-м дне.
Садовник Vasilii поливает цветок c номером 4 на 37-м дне.
Садовник Petr поливает цветок c номером 4 на 37-м дне.
Садовник Vasilii поливает цветок c номером 7 на 37-м дне.
Садовник Petr поливает цветок c номером 7 на 37-м дне.
Садовник Petr поливает цветок c номером 10 на 37-м дне.
Цветы c номерами: [11 12 14 15 16 17 18 19 20 21 22 23 24 25 26 27 28 29 30 31 32 33 34 35 36 37 38 39 ] увядают на 38-м дне.
Свежих цветов: 12, нуждаются в поливе : 28.
Садовник Vasilii поливает цветок c номером 11 на 38-м дне.
Садовник Petr поливает цветок c номером 0 на 38-м дне.
Садовник Vasilii поливает цветок c номером 12 на 38-м дне.
Садовник Petr поливает цветок c номером 5 на 38-м дне.
Садовник Vasilii поливает цветок c номером 13 на 38-м дне.
Садовник Petr поливает цветок c номером 6 на 38-м дне.
Садовник Vasilii поливает цветок c номером 14 на 38-м дне.
Садовник Petr поливает цветок c номером 7 на 38-м дне.
Садовник Petr поливает цветок c номером 8 на 38-м дне.
Садовник Vasilii поливает цветок c номером 15 на 39-м дне.
Цветы c номерами: [15 16 17 18 19 20 21 22 23 24 25 26 27 28 29 30 31 32 33 34 35 36 37 38 39 ] увядают на 39-м дне.
Садовник Vasilii поливает цветок c номером 16 на 39-м дне.
Свежих цветов: 15, нуждаются в поливе : 25.
Садовник Vasilii поливает цветок c номером 17 на 39-м дне.
Садовник Vasilii поливает цветок c номером 18 на 39-м дне.
Садовник Petr поливает цветок c номером 0 на 39-м дне.
Садовник Petr поливает цветок c номером 1 на 39-м дне.
Садовник Petr поливает цветок c номером 3 на 39-м дне.
Садовник Petr поливает цветок c номером 5 на 39-м дне.
Садовник Petr поливает цветок c номером 6 на 39-м дне.
Садовник Vasilii поливает цветок c номером 7 на 40-м дне.
Цветы c номерами: [7 8 11 12 15 16 19 20 21 22 23 24 25 26 27 28 29 30 31 32 33 34 35 36 37 38 39 ] увядают на 40-м дне.
Садовник Vasilii поливает цветок c номером 8 на 40-м дне.
Свежих цветов: 13, нуждаются в поливе : 27.
Садовник Vasilii поливает цветок c номером 9 на 40-м дне.
Садовник Vasilii поливает цветок c номером 10 на 40-м дне.
Садовник Petr поливает цветок c номером 4 на 40-м дне.
Садовник Petr поливает цветок c номером 5 на 40-м дне.
Садовник Petr поливает цветок c номером 6 на 40-м дне.
Садовник Petr поливает цветок c номером 7 на 40-м дне.
Садовник Petr поливает цветок c номером 8 на 40-м дне.
Садовник Vasilii поливает цветок c номером 11 на 41-м дне.
Цветы c номерами: [11 12 15 16 17 19 20 21 22 23 24 25 26 27 28 29 30 31 32 33 34 35 36 37 38 39 ] увядают на 41-м дне.
Свежих цветов: 14, нуждаются в поливе : 26.
Садовник Vasilii поливает цветок c номером 12 на 41-м дне.
Садовник Vasilii поливает цветок c номером 14 на 41-м дне.
Садовник Vasilii поливает цветок c номером 15 на 41-м дне.
Садовник Petr поливает цветок c номером 1 на 41-м дне.
Садовник Petr поливает цветок c номером 4 на 41-м дне.
Садовник Petr поливает цветок c номером 8 на 41-м дне.
Садовник Petr поливает цветок c номером 9 на 41-м дне.
Садовник Petr поливает цветок c номером 16 на 41-м дне.
Садовник Vasilii поливает цветок c номером 17 на 42-м дне.
Цветы c номерами: [17 19 20 21 22 23 24 25 26 27 28 29 30 31 32 33 34 35 36 37 38 39 ] увядают на 42-м дне.
Свежих цветов: 18, нуждаются в поливе : 22.
Садовник Vasilii поливает цветок c номером 19 на 42-м дне.
Садовник Vasilii поливает цветок c номером 20 на 42-м дне.
Садовник Vasilii поливает цветок c номером 21 на 42-м дне.
Садовник Petr поливает цветок c номером 0 на 42-м дне.
Садовник Petr поливает цветок c номером 1 на 42-м дне.
Садовник Petr поливает цветок c номером 2 на 42-м дне.
Садовник Petr поливает цветок c номером 5 на 42-м дне.
Садовник Petr поливает цветок c номером 8 на 42-м дне.
Садовник Vasilii поливает цветок c номером 11 на 43-м дне.
Цветы c номерами: [11 15 16 18 22 23 24 25 26 27 28 29 30 31 32 33 34 35 36 37 38 39 ] увядают на 43-м дне.
Свежих цветов: 18, нуждаются в поливе : 22.
Садовник Vasilii поливает цветок c номером 15 на 43-м дне.
Садовник Vasilii поливает цветок c номером 16 на 43-м дне.
Садовник Vasilii поливает цветок c номером 18 на 43-м дне.
Садовник Petr поливает цветок c номером 3 на 43-м дне.
Садовник Petr поливает цветок c номером 4 на 43-м дне.
Садовник Petr поливает цветок c номером 5 на 43-м дне.
Садовник Petr поливает цветок c номером 7 на 43-м дне.
Садовник Petr поливает цветок c номером 9 на 43-м дне.
Садовник Vasilii поливает цветок c номером 10 на 44-м дне.
Цветы c номерами: [10 11 12 13 21 22 23 24 25 26 27 28 29 30 31 32 33 34 35 36 37 38 39 ] увядают на 44-м дне.
Свежих цветов: 17, нуждаются в поливе : 23.
Садовник Vasilii поливает цветок c номером 11 на 44-м дне.
Садовник Vasilii поливает цветок c номером 12 на 44-м дне.
Садовник Vasilii поливает цветок c номером 13 на 44-м дне.
Садовник Petr поливает цветок c номером 0 на 44-м дне.
Садовник Petr поливает цветок c номером 1 на 44-м дне.
Садовник Petr поливает цветок c номером 2 на 44-м дне.
Садовник Petr поливает цветок c номером 3 на 44-м дне.
Садовник Petr поливает цветок c номером 4 на 44-м дне.
Садовник Vasilii поливает цветок c номером 10 на 45-м дне.
Цветы c номерами: [10 16 19 21 22 23 24 25 26 27 28 29 30 31 32 33 34 35 36 37 38 39 ] увядают на 45-м дне.
Садовник Vasilii поливает цветок c номером 16 на 45-м дне.
Свежих цветов: 18, нуждаются в поливе : 22.
Садовник Vasilii поливает цветок c номером 18 на 45-м дне.
Садовник Vasilii поливает цветок c номером 19 на 45-м дне.
Садовник Petr поливает цветок c номером 18 на 45-м дне.
Садовник Petr поливает цветок c номером 20 на 45-м дне.
Садовник Petr поливает цветок c номером 21 на 45-м дне.
Садовник Petr поливает цветок c номером 22 на 45-м дне.
Садовник Petr поливает цветок c номером 23 на 45-м дне.
Цветы c номерами: [0 1 2 5 24 25 26 27 28 29 30 31 32 33 34 35 36 37 38 39 ] увядают на 46-м дне.
Свежих цветов: 20, нуждаются в поливе : 20.
Садовник Vasilii поливает цветок c номером 0 на 46-м дне.
Садовник Vasilii поливает цветок c номером 1 на 46-м дне.
Садовник Vasilii поливает цветок c номером 2 на 46-м дне.
Садовник Vasilii поливает цветок c номером 4 на 46-м дне.
Садовник Petr поливает цветок c номером 1 на 46-м дне.
Садовник Petr поливает цветок c номером 5 на 46-м дне.
Садовник Petr поливает цветок c номером 6 на 46-м дне.
Садовник Petr поливает цветок c номером 11 на 46-м дне.
Садовник Petr поливает цветок c номером 12 на 46-м дне.
Цветы c номерами: [13 16 18 20 24 25 26 27 28 29 30 31 32 33 34 35 36 37 38 39 ] увядают на 47-м дне.
Свежих цветов: 20, нуждаются в поливе : 20.
Садовник Vasilii поливает цветок c номером 0 на 47-м дне.
Садовник Vasilii поливает цветок c номером 1 на 47-м дне.
Садовник Vasilii поливает цветок c номером 2 на 47-м дне.
Садовник Vasilii поливает цветок c номером 3 на 47-м дне.
Садовник Petr поливает цветок c номером 9 на 47-м дне.
Садовник Petr поливает цветок c номером 11 на 47-м дне.
Садовник Petr поливает цветок c номером 12 на 47-м дне.
Садовник Petr поливает цветок c номером 13 на 47-м дне.
Садовник Petr поливает цветок c номером 16 на 47-м дне.
Цветы c номерами: [18 19 20 22 24 25 26 27 28 29 30 31 32 33 34 35 36 37 38 39 ] увядают на 48-м дне.
Свежих цветов: 20, нуждаются в поливе : 20.
Садовник Vasilii поливает цветок c номером 2 на 48-м дне.
Садовник Vasilii поливает цветок c номером 5 на 48-м дне.
Садовник Vasilii поливает цветок c номером 9 на 48-м дне.
Садовник Vasilii поливает цветок c номером 10 на 48-м дне.
Садовник Petr поливает цветок c номером 11 на 48-м дне.
Садовник Petr поливает цветок c номером 12 на 48-м дне.
Садовник Petr поливает цветок c номером 14 на 48-м дне.
Садовник Petr поливает цветок c номером 16 на 48-м дне.
Садовник Petr поливает цветок c номером 18 на 48-м дне.
Цветы c номерами: [19 20 21 22 24 25 26 27 28 29 30 31 32 33 34 35 36 37 38 39 ] увядают на 49-м дне.
Свежих цветов: 20, нуждаются в поливе : 20.
Садовник Vasilii поливает цветок c номером 1 на 49-м дне.
Садовник Vasilii поливает цветок c номером 7 на 49-м дне.
Садовник Vasilii поливает цветок c номером 8 на 49-м дне.
Садовник Vasilii поливает цветок c номером 12 на 49-м дне.
Садовник Petr поливает цветок c номером 14 на 49-м дне.
Садовник Petr поливает цветок c номером 18 на 49-м дне.
Садовник Petr поливает цветок c номером 19 на 49-м дне.
Садовник Petr поливает цветок c номером 20 на 49-м дне.
Садовник Petr поливает цветок c номером 21 на 49-м дне.
Цветы c номерами: [22 23 24 25 26 27 28 29 30 31 32 33 34 35 36 37 38 39 ] увядают на 50-м дне.
Свежих цветов: 22, нуждаются в поливе : 18.
Садовник Vasilii поливает цветок c номером 2 на 50-м дне.
Садовник Vasilii поливает цветок c номером 4 на 50-м дне.
Садовник Vasilii поливает цветок c номером 5 на 50-м дне.
Садовник Vasilii поливает цветок c номером 7 на 50-м дне.
Садовник Petr поливает цветок c номером 8 на 50-м дне.
Садовник Petr поливает цветок c номером 10 на 50-м дне.
Садовник Petr поливает цветок c номером 16 на 50-м дне.
Садовник Petr поливает цветок c номером 17 на 50-м дне.
Садовник Petr поливает цветок c номером 19 на 50-м дне.
Цветы c номерами: [21 22 23 24 25 26 27 28 29 30 31 32 33 34 35 36 37 38 39 ] увядают на 51-м дне.
Свежих цветов: 21, нуждаются в поливе : 19.
Садовник Vasilii поливает цветок c номером 3 на 51-м дне.
Садовник Vasilii поливает цветок c номером 5 на 51-м дне.
Садовник Vasilii поливает цветок c номером 8 на 51-м дне.
Садовник Vasilii поливает цветок c номером 10 на 51-м дне.
Садовник Petr поливает цветок c номером 8 на 51-м дне.
Садовник Petr поливает цветок c номером 12 на 51-м дне.
Садовник Petr поливает цветок c номером 13 на 51-м дне.
Садовник Petr поливает цветок c номером 21 на 51-м дне.
Садовник Petr поливает цветок c номером 22 на 51-м дне.
Цветы c номерами: [23 24 25 26 27 28 29 30 31 32 33 34 35 36 37 38 39 ] увядают на 52-м дне.
Свежих цветов: 23, нуждаются в поливе : 17.
Садовник Vasilii поливает цветок c номером 0 на 52-м дне.
Садовник Vasilii поливает цветок c номером 1 на 52-м дне.
Садовник Vasilii поливает цветок c номером 2 на 52-м дне.
Садовник Vasilii поливает цветок c номером 5 на 52-м дне.
Садовник Petr поливает цветок c номером 6 на 52-м дне.
Садовник Petr поливает цветок c номером 9 на 52-м дне.
Садовник Petr поливает цветок c номером 11 на 52-м дне.
Садовник Petr поливает цветок c номером 16 на 52-м дне.
Садовник Petr поливает цветок c номером 18 на 52-м дне.