Цветы c номерами: [] увядают на 1-м дне.
Свежих цветов: 40, нуждаются в поливе : 0.
Цветы c номерами: [34 36 ] увядают на 2-м дне.
Свежих цветов: 38, нуждаются в поливе : 2.
Цветы c номерами: [8 9 13 14 15 16 19 22 23 24 25 26 27 30 31 32 33 34 35 36 37 38 ] увядают на 3-м дне.
Свежих цветов: 18, нуждаются в поливе : 22.
Цветы c номерами: [6 7 8 9 10 12 13 14 15 16 17 19 22 23 24 25 26 27 30 31 32 33 34 35 36 37 38 39 ] увядают на 4-м дне.
Свежих цветов: 12, нуждаются в поливе : 28.
Цветы c номерами: [8 9 10 12 13 14 15 16 17 19 22 23 24 25 26 27 28 30 31 32 33 34 35 36 37 38 39 ] увядают на 5-м дне.
Свежих цветов: 13, нуждаются в поливе : 27.
Цветы c номерами: [10 11 12 13 14 15 16 17 18 19 20 21 22 23 24 25 26 27 28 29 30 31 32 33 34 35 36 37 38 39 ] увядают на 6-м дне.
Свежих цветов: 10, нуждаются в поливе : 30.
Цветы c номерами: [11 12 13 14 15 16 17 18 19 20 21 22 23 24 25 26 27 28 29 30 31 32 33 34 35 36 37 38 39 ] увядают на 7-м дне.
Свежих цветов: 11, нуждаются в поливе : 29.
Цветы c номерами: [11 12 13 14 15 16 17 18 19 20 21 22 23 24 25 26 27 28 29 30 31 32 33 34 35 36 37 38 39 ] увядают на 8-м дне.
Свежих цветов: 11, нуждаются в поливе : 29.
Цветы c номерами: [15 16 17 18 19 20 21 22 23 24 25 26 27 28 29 30 31 32 33 34 35 36 37 38 39 ] увядают на 9-м дне.
Свежих цветов: 15, нуждаются в поливе : 25.
Цветы c номерами: [8 9 10 11 12 14 15 16 19 20 21 22 23 24 25 26 27 28 29 30 31 32 33 34 35 36 37 38 39 ] увядают на 10-м дне.
Свежих цветов: 11, нуждаются в поливе : 29.
Цветы c номерами: [12 14 15 16 17 18 19 20 21 22 23 24 25 26 27 28 29 30 31 32 33 34 35 36 37 38 39 ] увядают на 11-м дне.
Свежих цветов: 13, нуждаются в поливе : 27.
Цветы c номерами: [18 19 20 21 22 23 24 25 26 27 28 29 30 31 32 33 34 35 36 37 38 39 ] увядают на 12-м дне.
Свежих цветов: 18, нуждаются в поливе : 22.
