Цветы c номерами: [] увядают на 1-м дне.
Свежих цветов: 40, нуждаются в поливе : 0.
Садовник Petr поливает цветок c номером 0 на 1-м дне.
Садовник Petr поливает цветок c номером 3 на 1-м дне.
Садовник Petr поливает цветок c номером 4 на 1-м дне.
Садовник Petr поливает цветок c номером 10 на 1-м дне.
Садовник Petr поливает цветок c номером 11 на 1-м дне.
Садовник Vasilii поливает цветок c номером 0 на 1-м дне.
Садовник Vasilii поливает цветок c номером 13 на 1-м дне.
Садовник Vasilii поливает цветок c номером 14 на 1-м дне.
Садовник Vasilii поливает цветок c номером 15 на 1-м дне.
Цветы c номерами: [16 18 20 22 23 24 25 27 28 30 31 32 34 35 38 39 ] увядают на 2-м дне.
Свежих цветов: 24, нуждаются в поливе : 16.
Садовник Petr поливает цветок c номером 0 на 2-м дне.
Садовник Petr поливает цветок c номером 1 на 2-м дне.
Садовник Vasilii поливает цветок c номером 0 на 2-м дне.
Садовник Petr поливает цветок c номером 2 на 2-м дне.
Садовник Petr поливает цветок c номером 4 на 2-м дне.
Садовник Vasilii поливает цветок c номером 4 на 2-м дне.
Садовник Petr поливает цветок c номером 5 на 2-м дне.
Садовник Vasilii поливает цветок c номером 5 на 2-м дне.
Садовник Vasilii поливает цветок c номером 7 на 2-м дне.
Цветы c номерами: [11 13 14 16 17 18 20 21 22 23 24 25 26 27 28 29 30 31 32 33 34 35 36 37 38 39 ] увядают на 3-м дне.
Свежих цветов: 14, нуждаются в поливе : 26.
Садовник Vasilii поливает цветок c номером 1 на 3-м дне.
Садовник Petr поливает цветок c номером 1 на 3-м дне.
Садовник Vasilii поливает цветок c номером 3 на 3-м дне.
Садовник Vasilii поливает цветок c номером 10 на 3-м дне.
Садовник Petr поливает цветок c номером 10 на 3-м дне.
Садовник Vasilii поливает цветок c номером 11 на 3-м дне.
Садовник Petr поливает цветок c номером 11 на 3-м дне.
Садовник Petr поливает цветок c номером 13 на 3-м дне.
Садовник Petr поливает цветок c номером 14 на 3-м дне.
Цветы c номерами: [15 16 17 18 19 20 21 22 23 24 25 26 27 28 29 30 31 32 33 34 35 36 37 38 39 ] увядают на 4-м дне.
Свежих цветов: 15, нуждаются в поливе : 25.
Садовник Petr поливает цветок c номером 5 на 4-м дне.
Садовник Petr поливает цветок c номером 8 на 4-м дне.
Садовник Petr поливает цветок c номером 10 на 4-м дне.
Садовник Petr поливает цветок c номером 11 на 4-м дне.
Садовник Petr поливает цветок c номером 13 на 4-м дне.
Садовник Vasilii поливает цветок c номером 11 на 4-м дне.
Садовник Vasilii поливает цветок c номером 14 на 4-м дне.
Садовник Vasilii поливает цветок c номером 15 на 4-м дне.
Садовник Vasilii поливает цветок c номером 16 на 4-м дне.
Цветы c номерами: [17 18 19 20 21 22 23 24 25 26 27 28 29 30 31 32 33 34 35 36 37 38 39 ] увядают на 5-м дне.
Свежих цветов: 17, нуждаются в поливе : 23.
Садовник Vasilii поливает цветок c номером 4 на 5-м дне.
Садовник Petr поливает цветок c номером 4 на 5-м дне.
Садовник Vasilii поливает цветок c номером 5 на 5-м дне.
Садовник Vasilii поливает цветок c номером 6 на 5-м дне.
Садовник Petr поливает цветок c номером 6 на 5-м дне.
Садовник Vasilii поливает цветок c номером 10 на 5-м дне.
Садовник Petr поливает цветок c номером 10 на 5-м дне.
Садовник Petr поливает цветок c номером 11 на 5-м дне.
Садовник Petr поливает цветок c номером 14 на 5-м дне.
Цветы c номерами: [16 17 18 19 20 21 22 23 24 25 26 27 28 29 30 31 32 33 34 35 36 37 38 39 ] увядают на 6-м дне.
Свежих цветов: 16, нуждаются в поливе : 24.
Садовник Petr поливает цветок c номером 0 на 6-м дне.
Садовник Petr поливает цветок c номером 5 на 6-м дне.
Садовник Vasilii поливает цветок c номером 5 на 6-м дне.
Садовник Petr поливает цветок c номером 11 на 6-м дне.
Садовник Petr поливает цветок c номером 12 на 6-м дне.
Садовник Petr поливает цветок c номером 16 на 6-м дне.
Садовник Vasilii поливает цветок c номером 16 на 6-м дне.
Садовник Vasilii поливает цветок c номером 17 на 6-м дне.
Садовник Vasilii поливает цветок c номером 18 на 6-м дне.
Цветы c номерами: [19 20 21 22 23 24 25 26 27 28 29 30 31 32 33 34 35 36 37 38 39 ] увядают на 7-м дне.
Свежих цветов: 19, нуждаются в поливе : 21.
Садовник Vasilii поливает цветок c номером 1 на 7-м дне.
Садовник Petr поливает цветок c номером 1 на 7-м дне.
Садовник Vasilii поливает цветок c номером 4 на 7-м дне.
Садовник Vasilii поливает цветок c номером 5 на 7-м дне.
Садовник Petr поливает цветок c номером 5 на 7-м дне.
Садовник Vasilii поливает цветок c номером 6 на 7-м дне.
Садовник Petr поливает цветок c номером 6 на 7-м дне.
Садовник Petr поливает цветок c номером 8 на 7-м дне.
Садовник Petr поливает цветок c номером 9 на 7-м дне.
Цветы c номерами: [13 18 19 20 21 22 23 24 25 26 27 28 29 30 31 32 33 34 35 36 37 38 39 ] увядают на 8-м дне.
Свежих цветов: 17, нуждаются в поливе : 23.
Садовник Petr поливает цветок c номером 3 на 8-м дне.
Садовник Vasilii поливает цветок c номером 3 на 8-м дне.
Садовник Petr поливает цветок c номером 6 на 8-м дне.
Садовник Petr поливает цветок c номером 11 на 8-м дне.
Садовник Vasilii поливает цветок c номером 11 на 8-м дне.
Садовник Petr поливает цветок c номером 12 на 8-м дне.
Садовник Vasilii поливает цветок c номером 12 на 8-м дне.
Садовник Petr поливает цветок c номером 13 на 8-м дне.
Садовник Vasilii поливает цветок c номером 13 на 8-м дне.
Цветы c номерами: [17 18 19 20 21 22 23 24 25 26 27 28 29 30 31 32 33 34 35 36 37 38 39 ] увядают на 9-м дне.
Свежих цветов: 17, нуждаются в поливе : 23.
Садовник Vasilii поливает цветок c номером 4 на 9-м дне.
Садовник Petr поливает цветок c номером 4 на 9-м дне.
Садовник Vasilii поливает цветок c номером 5 на 9-м дне.
Садовник Vasilii поливает цветок c номером 6 на 9-м дне.
Садовник Petr поливает цветок c номером 6 на 9-м дне.
Садовник Vasilii поливает цветок c номером 10 на 9-м дне.
Садовник Petr поливает цветок c номером 10 на 9-м дне.
Садовник Petr поливает цветок c номером 11 на 9-м дне.
Садовник Petr поливает цветок c номером 12 на 9-м дне.
Цветы c номерами: [13 15 16 17 18 19 20 21 22 23 24 25 26 27 28 29 30 31 32 33 34 35 36 37 38 39 ] увядают на 10-м дне.
Свежих цветов: 14, нуждаются в поливе : 26.
Садовник Petr поливает цветок c номером 0 на 10-м дне.
Садовник Vasilii поливает цветок c номером 0 на 10-м дне.
Садовник Petr поливает цветок c номером 3 на 10-м дне.
Садовник Petr поливает цветок c номером 4 на 10-м дне.
Садовник Vasilii поливает цветок c номером 4 на 10-м дне.
Садовник Petr поливает цветок c номером 5 на 10-м дне.
Садовник Vasilii поливает цветок c номером 5 на 10-м дне.
Садовник Petr поливает цветок c номером 8 на 10-м дне.
Садовник Vasilii поливает цветок c номером 8 на 10-м дне.
Цветы c номерами: [9 13 15 16 17 18 19 20 21 22 23 24 25 26 27 28 29 30 31 32 33 34 35 36 37 38 39 ] увядают на 11-м дне.
Свежих цветов: 13, нуждаются в поливе : 27.
Садовник Vasilii поливает цветок c номером 0 на 11-м дне.
Садовник Petr поливает цветок c номером 0 на 11-м дне.
Садовник Vasilii поливает цветок c номером 2 на 11-м дне.
Садовник Vasilii поливает цветок c номером 7 на 11-м дне.
Садовник Petr поливает цветок c номером 7 на 11-м дне.
Садовник Vasilii поливает цветок c номером 8 на 11-м дне.
Садовник Petr поливает цветок c номером 8 на 11-м дне.
Садовник Petr поливает цветок c номером 9 на 11-м дне.
Садовник Petr поливает цветок c номером 10 на 11-м дне.
Цветы c номерами: [11 12 13 15 16 17 18 19 20 21 22 23 24 25 26 27 28 29 30 31 32 33 34 35 36 37 38 39 ] увядают на 12-м дне.
Свежих цветов: 12, нуждаются в поливе : 28.
Садовник Vasilii поливает цветок c номером 0 на 12-м дне.
Садовник Petr поливает цветок c номером 0 на 12-м дне.
Садовник Vasilii поливает цветок c номером 1 на 12-м дне.
Садовник Petr поливает цветок c номером 1 на 12-м дне.
Садовник Vasilii поливает цветок c номером 3 на 12-м дне.
Садовник Petr поливает цветок c номером 3 на 12-м дне.
Садовник Vasilii поливает цветок c номером 4 на 12-м дне.
Садовник Petr поливает цветок c номером 4 на 12-м дне.
Садовник Petr поливает цветок c номером 5 на 12-м дне.
Цветы c номерами: [7 8 11 12 13 14 15 16 17 18 19 20 21 22 23 24 25 26 27 28 29 30 31 32 33 34 35 36 37 38 39 ] увядают на 13-м дне.
Свежих цветов: 9, нуждаются в поливе : 31.
Садовник Petr поливает цветок c номером 3 на 13-м дне.
Садовник Vasilii поливает цветок c номером 3 на 13-м дне.
Садовник Petr поливает цветок c номером 5 на 13-м дне.
Садовник Petr поливает цветок c номером 6 на 13-м дне.
Садовник Petr поливает цветок c номером 7 на 13-м дне.
Садовник Vasilii поливает цветок c номером 7 на 13-м дне.
Садовник Petr поливает цветок c номером 8 на 13-м дне.
Садовник Vasilii поливает цветок c номером 8 на 13-м дне.
Садовник Vasilii поливает цветок c номером 9 на 13-м дне.
Цветы c номерами: [10 11 12 13 14 15 16 17 18 19 20 21 22 23 24 25 26 27 28 29 30 31 32 33 34 35 36 37 38 39 ] увядают на 14-м дне.
Свежих цветов: 10, нуждаются в поливе : 30.
Садовник Petr поливает цветок c номером 3 на 14-м дне.
Садовник Vasilii поливает цветок c номером 3 на 14-м дне.
Садовник Petr поливает цветок c номером 8 на 14-м дне.
Садовник Petr поливает цветок c номером 9 на 14-м дне.
Садовник Vasilii поливает цветок c номером 9 на 14-м дне.
Садовник Petr поливает цветок c номером 10 на 14-м дне.
Садовник Vasilii поливает цветок c номером 10 на 14-м дне.
Садовник Petr поливает цветок c номером 11 на 14-м дне.
Садовник Vasilii поливает цветок c номером 11 на 14-м дне.
Цветы c номерами: [12 13 14 15 16 17 18 19 20 21 22 23 24 25 26 27 28 29 30 31 32 33 34 35 36 37 38 39 ] увядают на 15-м дне.
Свежих цветов: 12, нуждаются в поливе : 28.
Садовник Vasilii поливает цветок c номером 1 на 15-м дне.
Садовник Petr поливает цветок c номером 1 на 15-м дне.
Садовник Vasilii поливает цветок c номером 3 на 15-м дне.
Садовник Petr поливает цветок c номером 3 на 15-м дне.
Садовник Vasilii поливает цветок c номером 4 на 15-м дне.
Садовник Petr поливает цветок c номером 4 на 15-м дне.
Садовник Vasilii поливает цветок c номером 7 на 15-м дне.
Садовник Petr поливает цветок c номером 7 на 15-м дне.
Садовник Petr поливает цветок c номером 12 на 15-м дне.
Цветы c номерами: [13 14 15 16 17 18 19 20 21 22 23 24 25 26 27 28 29 30 31 32 33 34 35 36 37 38 39 ] увядают на 16-м дне.
Свежих цветов: 13, нуждаются в поливе : 27.
Садовник Vasilii поливает цветок c номером 0 на 16-м дне.
Садовник Petr поливает цветок c номером 0 на 16-м дне.
Садовник Vasilii поливает цветок c номером 2 на 16-м дне.
Садовник Petr поливает цветок c номером 2 на 16-м дне.
Садовник Vasilii поливает цветок c номером 4 на 16-м дне.
Садовник Petr поливает цветок c номером 4 на 16-м дне.
Садовник Vasilii поливает цветок c номером 5 на 16-м дне.
Садовник Petr поливает цветок c номером 5 на 16-м дне.
Садовник Petr поливает цветок c номером 7 на 16-м дне.
Цветы c номерами: [11 13 14 15 16 17 18 19 20 21 22 23 24 25 26 27 28 29 30 31 32 33 34 35 36 37 38 39 ] увядают на 17-м дне.
Свежих цветов: 12, нуждаются в поливе : 28.
Садовник Vasilii поливает цветок c номером 0 на 17-м дне.
Садовник Petr поливает цветок c номером 0 на 17-м дне.
Садовник Vasilii поливает цветок c номером 1 на 17-м дне.
Садовник Petr поливает цветок c номером 1 на 17-м дне.
Садовник Vasilii поливает цветок c номером 2 на 17-м дне.
Садовник Petr поливает цветок c номером 2 на 17-м дне.
Садовник Vasilii поливает цветок c номером 4 на 17-м дне.
Садовник Petr поливает цветок c номером 4 на 17-м дне.
Садовник Petr поливает цветок c номером 5 на 17-м дне.
Цветы c номерами: [6 7 9 10 11 12 13 14 15 16 17 18 19 20 21 22 23 24 25 26 27 28 29 30 31 32 33 34 35 36 37 38 39 ] увядают на 18-м дне.
Свежих цветов: 7, нуждаются в поливе : 33.
Садовник Petr поливает цветок c номером 0 на 18-м дне.
Садовник Petr поливает цветок c номером 1 на 18-м дне.
Садовник Petr поливает цветок c номером 2 на 18-м дне.
Садовник Petr поливает цветок c номером 6 на 18-м дне.
Садовник Petr поливает цветок c номером 7 на 18-м дне.
Садовник Vasilii поливает цветок c номером 6 на 18-м дне.
Садовник Vasilii поливает цветок c номером 9 на 18-м дне.
Садовник Vasilii поливает цветок c номером 10 на 18-м дне.
Садовник Vasilii поливает цветок c номером 11 на 18-м дне.
Цветы c номерами: [12 13 14 15 16 17 18 19 20 21 22 23 24 25 26 27 28 29 30 31 32 33 34 35 36 37 38 39 ] увядают на 19-м дне.
Свежих цветов: 12, нуждаются в поливе : 28.
Садовник Petr поливает цветок c номером 0 на 19-м дне.
Садовник Petr поливает цветок c номером 1 на 19-м дне.
Садовник Petr поливает цветок c номером 2 на 19-м дне.
Садовник Petr поливает цветок c номером 3 на 19-м дне.
Садовник Vasilii поливает цветок c номером 1 на 19-м дне.
Садовник Petr поливает цветок c номером 4 на 19-м дне.
Садовник Vasilii поливает цветок c номером 5 на 19-м дне.
Садовник Vasilii поливает цветок c номером 6 на 19-м дне.
Садовник Vasilii поливает цветок c номером 10 на 19-м дне.
Цветы c номерами: [11 12 13 14 15 16 17 18 19 20 21 22 23 24 25 26 27 28 29 30 31 32 33 34 35 36 37 38 39 ] увядают на 20-м дне.
Свежих цветов: 11, нуждаются в поливе : 29.
Садовник Petr поливает цветок c номером 1 на 20-м дне.
Садовник Petr поливает цветок c номером 3 на 20-м дне.
Садовник Petr поливает цветок c номером 4 на 20-м дне.
Садовник Petr поливает цветок c номером 7 на 20-м дне.
Садовник Petr поливает цветок c номером 10 на 20-м дне.
Садовник Vasilii поливает цветок c номером 11 на 20-м дне.
Садовник Vasilii поливает цветок c номером 12 на 20-м дне.
Садовник Vasilii поливает цветок c номером 13 на 20-м дне.
Садовник Vasilii поливает цветок c номером 14 на 20-м дне.
